[[1;34mINFO[m] Scanning for projects...
[[1;34mINFO[m] 
[[1;34mINFO[m] [1m------------< [0;36morg.hepeng:hyperledger-fabric-app-java-demo[0;1m >-------------[m
[[1;34mINFO[m] [1mBuilding hyperledger-fabric-app-java-demo 0.0.1-SNAPSHOT[m
[[1;34mINFO[m] [1m--------------------------------[ jar ]---------------------------------[m
[[1;34mINFO[m] 
[[1;34mINFO[m] [1m>>> [0;32mspring-boot-maven-plugin:2.7.18:run[m [1m(default-cli)[0;1m > [0;1mtest-compile[m @ [36mhyperledger-fabric-app-java-demo[0;1m >>>[m
[[1;34mINFO[m] 
[[1;34mINFO[m] [1m--- [0;32mmaven-resources-plugin:2.6:resources[m [1m(default-resources)[m @ [36mhyperledger-fabric-app-java-demo[0;1m ---[m
[[1;34mINFO[m] Using 'UTF-8' encoding to copy filtered resources.
[[1;34mINFO[m] Copying 119 resources
[[1;34mINFO[m] 
[[1;34mINFO[m] [1m--- [0;32mmaven-compiler-plugin:3.11.0:compile[m [1m(default-compile)[m @ [36mhyperledger-fabric-app-java-demo[0;1m ---[m
[[1;34mINFO[m] Nothing to compile - all classes are up to date
[[1;34mINFO[m] 
[[1;34mINFO[m] [1m--- [0;32mmaven-resources-plugin:2.6:testResources[m [1m(default-testResources)[m @ [36mhyperledger-fabric-app-java-demo[0;1m ---[m
[[1;34mINFO[m] Using 'UTF-8' encoding to copy filtered resources.
[[1;34mINFO[m] skip non existing resourceDirectory /home/djy/digital-twin-uc/blockchain-connect/src/test/resources
[[1;34mINFO[m] 
[[1;34mINFO[m] [1m--- [0;32mmaven-compiler-plugin:3.11.0:testCompile[m [1m(default-testCompile)[m @ [36mhyperledger-fabric-app-java-demo[0;1m ---[m
[[1;34mINFO[m] Nothing to compile - all classes are up to date
[[1;34mINFO[m] 
[[1;34mINFO[m] [1m<<< [0;32mspring-boot-maven-plugin:2.7.18:run[m [1m(default-cli)[0;1m < [0;1mtest-compile[m @ [36mhyperledger-fabric-app-java-demo[0;1m <<<[m
[[1;34mINFO[m] 
[[1;34mINFO[m] 
[[1;34mINFO[m] [1m--- [0;32mspring-boot-maven-plugin:2.7.18:run[m [1m(default-cli)[m @ [36mhyperledger-fabric-app-java-demo[0;1m ---[m
[[1;34mINFO[m] Attaching agents: []
19:44:59.419 [Thread-0] DEBUG org.springframework.boot.devtools.restart.classloader.RestartClassLoader - Created RestartClassLoader org.springframework.boot.devtools.restart.classloader.RestartClassLoader@1b274ab

  .   ____          _            __ _ _
 /\\ / ___'_ __ _ _(_)_ __  __ _ \ \ \ \
( ( )\___ | '_ | '_| | '_ \/ _` | \ \ \ \
 \\/  ___)| |_)| | | | | || (_| |  ) ) ) )
  '  |____| .__|_| |_|_| |_\__, | / / / /
 =========|_|==============|___/=/_/_/_/
 :: Spring Boot ::               (v2.7.18)

2025-02-20 19:44:59.943  INFO 404748 --- [  restartedMain] .HyperledgerFabricAppJavaDemoApplication : Starting HyperledgerFabricAppJavaDemoApplication using Java 17.0.12 on djy-virtual-machine with PID 404748 (/home/djy/digital-twin-uc/blockchain-connect/target/classes started by djy in /home/djy/digital-twin-uc/blockchain-connect)
2025-02-20 19:44:59.944  INFO 404748 --- [  restartedMain] .HyperledgerFabricAppJavaDemoApplication : No active profile set, falling back to 1 default profile: "default"
2025-02-20 19:45:00.007  INFO 404748 --- [  restartedMain] o.s.b.devtools.restart.ChangeableUrls    : The Class-Path manifest attribute in /home/djy/.m2/repository/com/sun/xml/bind/jaxb-impl/4.0.5/jaxb-impl-4.0.5.jar referenced one or more files that do not exist: file:/home/djy/.m2/repository/com/sun/xml/bind/jaxb-impl/4.0.5/jaxb-core.jar,file:/home/djy/.m2/repository/com/sun/xml/bind/jaxb-impl/4.0.5/angus-activation.jar
2025-02-20 19:45:00.007  INFO 404748 --- [  restartedMain] o.s.b.devtools.restart.ChangeableUrls    : The Class-Path manifest attribute in /home/djy/.m2/repository/com/sun/xml/bind/jaxb-core/4.0.5/jaxb-core-4.0.5.jar referenced one or more files that do not exist: file:/home/djy/.m2/repository/com/sun/xml/bind/jaxb-core/4.0.5/jakarta.activation-api.jar,file:/home/djy/.m2/repository/com/sun/xml/bind/jaxb-core/4.0.5/jakarta.xml.bind-api.jar
2025-02-20 19:45:00.007  INFO 404748 --- [  restartedMain] .e.DevToolsPropertyDefaultsPostProcessor : Devtools property defaults active! Set 'spring.devtools.add-properties' to 'false' to disable
2025-02-20 19:45:00.007  INFO 404748 --- [  restartedMain] .e.DevToolsPropertyDefaultsPostProcessor : For additional web related logging consider setting the 'logging.level.web' property to 'DEBUG'
2025-02-20 19:45:01.365  INFO 404748 --- [  restartedMain] o.s.b.w.embedded.tomcat.TomcatWebServer  : Tomcat initialized with port(s): 8080 (http)
2025-02-20 19:45:01.375  INFO 404748 --- [  restartedMain] o.apache.catalina.core.StandardService   : Starting service [Tomcat]
2025-02-20 19:45:01.375  INFO 404748 --- [  restartedMain] org.apache.catalina.core.StandardEngine  : Starting Servlet engine: [Apache Tomcat/9.0.83]
2025-02-20 19:45:01.480  INFO 404748 --- [  restartedMain] o.a.c.c.C.[Tomcat].[localhost].[/]       : Initializing Spring embedded WebApplicationContext
2025-02-20 19:45:01.481  INFO 404748 --- [  restartedMain] w.s.c.ServletWebServerApplicationContext : Root WebApplicationContext: initialization completed in 1473 ms
2025-02-20 19:45:02.060  WARN 404748 --- [  restartedMain] o.hyperledger.fabric.sdk.helper.Config   : Failed to load any configuration from: config.properties. Using toolkit defaults
2025-02-20 19:45:02.482  INFO 404748 --- [  restartedMain] o.d.h.a.j.HyperLedgerFabricGatewayConfig : =========================================== connected fabric gateway org.hyperledger.fabric.gateway.impl.GatewayImpl@33649299 
2025-02-20 19:45:03.508  INFO 404748 --- [  restartedMain] org.hyperledger.fabric.sdk.Channel       : Channel Channel{id: 1, name: businesschannel} eventThread started shutdown: false  thread: null 
2025-02-20 19:45:04.211  INFO 404748 --- [  restartedMain] o.s.b.d.a.OptionalLiveReloadServer       : LiveReload server is running on port 35729
2025-02-20 19:45:04.242  INFO 404748 --- [  restartedMain] o.s.b.w.embedded.tomcat.TomcatWebServer  : Tomcat started on port(s): 8080 (http) with context path ''
2025-02-20 19:45:04.253  INFO 404748 --- [  restartedMain] .HyperledgerFabricAppJavaDemoApplication : Started HyperledgerFabricAppJavaDemoApplication in 4.829 seconds (JVM running for 5.599)
